<?xml version="1.0" encoding="UTF-8"?>
<!-- Generated by org.testng.reporters.JUnitReportReporter -->
<testsuite hostname="LAPTOP-RPK18C26" failures="0" tests="2" name="testngflags.Flag2" time="0.041" errors="0" timestamp="2022-06-07T21:40:35 IST" skipped="1">
  <testcase classname="testngflags.Flag2" name="login" time="0.041"/>
  <system-out>
    <![CDATA[login performed]]>
  </system-out>
  <testcase classname="testngflags.Flag2" name="logout">
    <skipped/>
  </testcase> <!-- logout -->
  <system-out/>
</testsuite> <!-- testngflags.Flag2 -->
