<?xml version="1.0" encoding="UTF-8"?>
<!-- Generated by org.testng.reporters.JUnitReportReporter -->
<testsuite hostname="LAPTOP-RPK18C26" failures="0" tests="1" name="testngflags.Flag1" time="0.035" errors="0" timestamp="2022-06-07T21:37:35 IST" skipped="0">
  <testcase classname="testngflags.Flag1" name="login" time="0.035"/>
  <system-out>
    <![CDATA[login is performed]]>
  </system-out>
</testsuite> <!-- testngflags.Flag1 -->
